
ROM used:   180/8192 (2%)
            180/8192 (2%) including unused fragments

            0.3 Average locations per line
            10.6 Average locations per statement

RAM used:   20/368 (5%) at main() level
            22/368 (6%) worst case

Stack used: 0 worst case (0 in main + 0 for interrupts)
Stack size: 8

Lines Stmts  %   Files
----- ----- ---  -----
   34    17 100  pic_7seg.c
  674     0   0  D:\Program Files (x86)\PICC\Devices\16F877A.h
----- -----
  708    17 Total

Page ROM  %  RAM    Vol Diff  Functions:
---- --- --- ---    --- ----  ----------
0     21  12    1             @delay_ms1
0    134  74    4    681  6.4  main
0     21  12    3             @DIV88
 Inline         0             @cinit1

Program metrics:
    Functions               1
    Statements              17
    Comments                125
    Volume (V)              688
    Difficulty (D)          6.0
    Effort to implement (E) 4146
    Time to implement (T)   4 minutes
    Est Delivered Bugs (B)  0
    Cyclomatic Complexity   1
    Maintainability (MI)    41

 Segment     Used  Free
-----------  ----  ----
00000-00003     4  0  
00004-007FF   176  1868  
00800-00FFF     0  2048  
01000-017FF     0  2048  
01800-01FFF     0  2048  



